[2026-04-10 19:41:52] рџљЂ OpenClaw Keep-Alive Started
[2026-04-10 19:41:52] вљ пёЏ  Process dead, restarting...
[2026-04-10 19:41:54] вњ… OpenClaw restarted successfully
[2026-04-10 19:42:24] вњ… OpenClaw running (PID: 5580)
[2026-04-10 19:42:54] вњ… OpenClaw running (PID: 5580)
[2026-04-10 19:43:24] вњ… OpenClaw running (PID: 5580)
[2026-04-10 19:43:54] вњ… OpenClaw running (PID: 5580)
[2026-04-10 19:44:24] вњ… OpenClaw running (PID: 5580)
[2026-04-10 19:44:54] вњ… OpenClaw running (PID: 5580)
[2026-04-10 19:45:24] вњ… OpenClaw running (PID: 5580)
[2026-04-10 19:45:54] вњ… OpenClaw running (PID: 5580)
[2026-04-10 19:46:24] вњ… OpenClaw running (PID: 5580)
[2026-04-10 19:46:54] вњ… OpenClaw running (PID: 5580)
[2026-04-10 19:47:24] вњ… OpenClaw running (PID: 5580)
[2026-04-10 19:47:54] вњ… OpenClaw running (PID: 5580)
[2026-04-10 19:48:24] вњ… OpenClaw running (PID: 5580)
[2026-04-10 19:48:54] вњ… OpenClaw running (PID: 5580)
[2026-04-10 19:49:24] вњ… OpenClaw running (PID: 5580)
… OpenClaw running (PID: 5580)
[2026-04-10 19:47:54] вњ… OpenClaw running (PID: 5580)
[2026-04-10 19:48:24] вњ… OpenClaw running (PID: 5580)
[2026-04-10 19:48:54] вњ… OpenClaw running (PID: 5580)
[2026-04-10 19:49:24] вњ… OpenClaw running (PID: 5580)
